0 info it worked if it ends with ok
1 verbose cli [ '/usr/local/bin/node', '/usr/local/bin/npm', 'run', 'meteor' ]
2 info using npm@3.10.10
3 info using node@v7.3.0
4 verbose run-script [ 'premeteor', 'meteor', 'postmeteor' ]
5 info lifecycle Waftr@~premeteor: Waftr@
6 silly lifecycle Waftr@~premeteor: no script for premeteor, continuing
7 info lifecycle Waftr@~meteor: Waftr@
8 verbose lifecycle Waftr@~meteor: unsafe-perm in lifecycle true
9 verbose lifecycle Waftr@~meteor: PATH: /usr/local/lib/node_modules/npm/bin/node-gyp-bin:/Users/eamondunne1/Desktop/Programming/Waftr/node_modules/.bin:/usr/local/bin:/usr/bin:/bin:/usr/sbin:/sbin:/Library/Frameworks/Mono.framework/Versions/Current/Commands:/Applications/Wireshark.app/Contents/MacOS
10 verbose lifecycle Waftr@~meteor: CWD: /Users/eamondunne1/Desktop/Programming/Waftr
11 silly lifecycle Waftr@~meteor: Args: [ '-c',
11 silly lifecycle   'MONGO_URL=mongodb://mongodb2634bc:fu4geh@danu7.it.nuigalway.ie:8717/mongodb2634 meteor' ]
12 silly lifecycle Waftr@~meteor: Returned: code: 254  signal: null
13 info lifecycle Waftr@~meteor: Failed to exec meteor script
14 verbose stack Error: Waftr@ meteor: `MONGO_URL=mongodb://mongodb2634bc:fu4geh@danu7.it.nuigalway.ie:8717/mongodb2634 meteor`
14 verbose stack Exit status 254
14 verbose stack     at EventEmitter.<anonymous> (/usr/local/lib/node_modules/npm/lib/utils/lifecycle.js:255:16)
14 verbose stack     at emitTwo (events.js:106:13)
14 verbose stack     at EventEmitter.emit (events.js:191:7)
14 verbose stack     at ChildProcess.<anonymous> (/usr/local/lib/node_modules/npm/lib/utils/spawn.js:40:14)
14 verbose stack     at emitTwo (events.js:106:13)
14 verbose stack     at ChildProcess.emit (events.js:191:7)
14 verbose stack     at maybeClose (internal/child_process.js:885:16)
14 verbose stack     at Process.ChildProcess._handle.onexit (internal/child_process.js:226:5)
15 verbose pkgid Waftr@
16 verbose cwd /Users/eamondunne1/Desktop/Programming/Waftr
17 error Darwin 15.6.0
18 error argv "/usr/local/bin/node" "/usr/local/bin/npm" "run" "meteor"
19 error node v7.3.0
20 error npm  v3.10.10
21 error code ELIFECYCLE
22 error Waftr@ meteor: `MONGO_URL=mongodb://mongodb2634bc:fu4geh@danu7.it.nuigalway.ie:8717/mongodb2634 meteor`
22 error Exit status 254
23 error Failed at the Waftr@ meteor script 'MONGO_URL=mongodb://mongodb2634bc:fu4geh@danu7.it.nuigalway.ie:8717/mongodb2634 meteor'.
23 error Make sure you have the latest version of node.js and npm installed.
23 error If you do, this is most likely a problem with the Waftr package,
23 error not with npm itself.
23 error Tell the author that this fails on your system:
23 error     MONGO_URL=mongodb://mongodb2634bc:fu4geh@danu7.it.nuigalway.ie:8717/mongodb2634 meteor
23 error You can get information on how to open an issue for this project with:
23 error     npm bugs Waftr
23 error Or if that isn't available, you can get their info via:
23 error     npm owner ls Waftr
23 error There is likely additional logging output above.
24 verbose exit [ 1, true ]
